This file contains any messages produced by compilers while
running configure, to aid debugging if configure makes a mistake.

It was created by Snes9x configure 1.53, which was
generated by GNU Autoconf 2.69.  Invocation command line was

  $ ./configure 

## --------- ##
## Platform. ##
## --------- ##

hostname = xex-MS-7C80
uname -m = x86_64
uname -r = 5.4.0-72-generic
uname -s = Linux
uname -v = #80-Ubuntu SMP Mon Apr 12 17:35:00 UTC 2021

/usr/bin/uname -p = x86_64
/bin/uname -X     = unknown

/bin/arch              = x86_64
/usr/bin/arch -k       = unknown
/usr/convex/getsysinfo = unknown
/usr/bin/hostinfo      = unknown
/bin/machine           = unknown
/usr/bin/oslevel       = unknown
/bin/universe          = unknown

PATH: /opt/devkitpro/tools/bin
PATH: /usr/local/sbin
PATH: /usr/local/bin
PATH: /usr/sbin
PATH: /usr/bin
PATH: /sbin
PATH: /bin
PATH: /usr/games
PATH: /usr/local/games
PATH: /snap/bin


## ----------- ##
## Core tests. ##
## ----------- ##

configure:2214: checking build system type
configure:2228: result: x86_64-unknown-linux-gnu
configure:2248: checking host system type
configure:2261: result: x86_64-unknown-linux-gnu
configure:2330: checking for gcc
configure:2346: found /usr/bin/gcc
configure:2357: result: gcc
configure:2586: checking for C compiler version
configure:2595: gcc --version >&5
gcc (Ubuntu 9.3.0-17ubuntu1~20.04) 9.3.0
Copyright (C) 2019 Free Software Foundation, Inc.
This is free software; see the source for copying conditions.  There is NO
warranty; not even for MERCHANTABILITY or FITNESS FOR A PARTICULAR PURPOSE.

configure:2606: $? = 0
configure:2595: gcc -v >&5
Using built-in specs.
COLLECT_GCC=gcc
COLLECT_LTO_WRAPPER=/usr/lib/gcc/x86_64-linux-gnu/9/lto-wrapper
OFFLOAD_TARGET_NAMES=nvptx-none:hsa
OFFLOAD_TARGET_DEFAULT=1
Target: x86_64-linux-gnu
Configured with: ../src/configure -v --with-pkgversion='Ubuntu 9.3.0-17ubuntu1~20.04' --with-bugurl=file:///usr/share/doc/gcc-9/README.Bugs --enable-languages=c,ada,c++,go,brig,d,fortran,objc,obj-c++,gm2 --prefix=/usr --with-gcc-major-version-only --program-suffix=-9 --program-prefix=x86_64-linux-gnu- --enable-shared --enable-linker-build-id --libexecdir=/usr/lib --without-included-gettext --enable-threads=posix --libdir=/usr/lib --enable-nls --enable-clocale=gnu --enable-libstdcxx-debug --enable-libstdcxx-time=yes --with-default-libstdcxx-abi=new --enable-gnu-unique-object --disable-vtable-verify --enable-plugin --enable-default-pie --with-system-zlib --with-target-system-zlib=auto --enable-objc-gc=auto --enable-multiarch --disable-werror --with-arch-32=i686 --with-abi=m64 --with-multilib-list=m32,m64,mx32 --enable-multilib --with-tune=generic --enable-offload-targets=nvptx-none=/build/gcc-9-HskZEa/gcc-9-9.3.0/debian/tmp-nvptx/usr,hsa --without-cuda-driver --enable-checking=release --build=x86_64-linux-gnu --host=x86_64-linux-gnu --target=x86_64-linux-gnu
Thread model: posix
gcc version 9.3.0 (Ubuntu 9.3.0-17ubuntu1~20.04) 
configure:2606: $? = 0
configure:2595: gcc -V >&5
gcc: error: unrecognized command line option '-V'
gcc: fatal error: no input files
compilation terminated.
configure:2606: $? = 1
configure:2595: gcc -qversion >&5
gcc: error: unrecognized command line option '-qversion'; did you mean '--version'?
gcc: fatal error: no input files
compilation terminated.
configure:2606: $? = 1
configure:2626: checking whether the C compiler works
configure:2648: gcc    conftest.c  >&5
configure:2652: $? = 0
configure:2700: result: yes
configure:2703: checking for C compiler default output file name
configure:2705: result: a.out
configure:2711: checking for suffix of executables
configure:2718: gcc -o conftest    conftest.c  >&5
configure:2722: $? = 0
configure:2744: result: 
configure:2766: checking whether we are cross compiling
configure:2774: gcc -o conftest    conftest.c  >&5
configure:2778: $? = 0
configure:2785: ./conftest
configure:2789: $? = 0
configure:2777: result: no
configure:2782: checking for suffix of object files
configure:2804: gcc -c   conftest.c >&5
configure:2808: $? = 0
configure:2829: result: o
configure:2833: checking whether we are using the GNU C compiler
configure:2852: gcc -c   conftest.c >&5
configure:2852: $? = 0
configure:2861: result: yes
configure:2870: checking whether gcc accepts -g
configure:2890: gcc -c -g  conftest.c >&5
configure:2890: $? = 0
configure:2931: result: yes
configure:2948: checking for gcc option to accept ISO C89
configure:3011: gcc  -c -g -O2  conftest.c >&5
configure:3011: $? = 0
configure:3024: result: none needed
configure:3102: checking for g++
configure:3118: found /usr/bin/g++
configure:3129: result: g++
configure:3156: checking for C++ compiler version
configure:3165: g++ --version >&5
g++ (Ubuntu 9.3.0-17ubuntu1~20.04) 9.3.0
Copyright (C) 2019 Free Software Foundation, Inc.
This is free software; see the source for copying conditions.  There is NO
warranty; not even for MERCHANTABILITY or FITNESS FOR A PARTICULAR PURPOSE.

configure:3176: $? = 0
configure:3165: g++ -v >&5
Using built-in specs.
COLLECT_GCC=g++
COLLECT_LTO_WRAPPER=/usr/lib/gcc/x86_64-linux-gnu/9/lto-wrapper
OFFLOAD_TARGET_NAMES=nvptx-none:hsa
OFFLOAD_TARGET_DEFAULT=1
Target: x86_64-linux-gnu
Configured with: ../src/configure -v --with-pkgversion='Ubuntu 9.3.0-17ubuntu1~20.04' --with-bugurl=file:///usr/share/doc/gcc-9/README.Bugs --enable-languages=c,ada,c++,go,brig,d,fortran,objc,obj-c++,gm2 --prefix=/usr --with-gcc-major-version-only --program-suffix=-9 --program-prefix=x86_64-linux-gnu- --enable-shared --enable-linker-build-id --libexecdir=/usr/lib --without-included-gettext --enable-threads=posix --libdir=/usr/lib --enable-nls --enable-clocale=gnu --enable-libstdcxx-debug --enable-libstdcxx-time=yes --with-default-libstdcxx-abi=new --enable-gnu-unique-object --disable-vtable-verify --enable-plugin --enable-default-pie --with-system-zlib --with-target-system-zlib=auto --enable-objc-gc=auto --enable-multiarch --disable-werror --with-arch-32=i686 --with-abi=m64 --with-multilib-list=m32,m64,mx32 --enable-multilib --with-tune=generic --enable-offload-targets=nvptx-none=/build/gcc-9-HskZEa/gcc-9-9.3.0/debian/tmp-nvptx/usr,hsa --without-cuda-driver --enable-checking=release --build=x86_64-linux-gnu --host=x86_64-linux-gnu --target=x86_64-linux-gnu
Thread model: posix
gcc version 9.3.0 (Ubuntu 9.3.0-17ubuntu1~20.04) 
configure:3176: $? = 0
configure:3165: g++ -V >&5
g++: error: unrecognized command line option '-V'
g++: fatal error: no input files
compilation terminated.
configure:3176: $? = 1
configure:3165: g++ -qversion >&5
g++: error: unrecognized command line option '-qversion'; did you mean '--version'?
g++: fatal error: no input files
compilation terminated.
configure:3176: $? = 1
configure:3180: checking whether we are using the GNU C++ compiler
configure:3199: g++ -c   conftest.cpp >&5
configure:3199: $? = 0
configure:3208: result: yes
configure:3217: checking whether g++ accepts -g
configure:3237: g++ -c -g  conftest.cpp >&5
configure:3237: $? = 0
configure:3278: result: yes
configure:3456: checking whether g++ accepts -O3
configure:3486: g++ -o conftest   -O3   conftest.cpp  >&5
configure:3486: $? = 0
configure:3486: ./conftest
configure:3486: $? = 0
configure:3503: result: yes
configure:3624: checking whether g++ accepts -fomit-frame-pointer
configure:3654: g++ -o conftest   -fomit-frame-pointer   conftest.cpp  >&5
configure:3654: $? = 0
configure:3654: ./conftest
configure:3654: $? = 0
configure:3671: result: yes
configure:3868: checking whether g++ accepts -fno-exceptions
configure:3898: g++ -o conftest   -fno-exceptions   conftest.cpp  >&5
configure:3898: $? = 0
configure:3898: ./conftest
configure:3898: $? = 0
configure:3915: result: yes
configure:3924: checking whether g++ accepts -fno-rtti
configure:3954: g++ -o conftest   -fno-rtti   conftest.cpp  >&5
configure:3954: $? = 0
configure:3954: ./conftest
configure:3954: $? = 0
configure:3971: result: yes
configure:3980: checking whether g++ accepts -pedantic
configure:4010: g++ -o conftest   -pedantic   conftest.cpp  >&5
configure:4010: $? = 0
configure:4010: ./conftest
configure:4010: $? = 0
configure:4027: result: yes
configure:4036: checking whether g++ accepts -Wall
configure:4066: g++ -o conftest   -Wall   conftest.cpp  >&5
configure:4066: $? = 0
configure:4066: ./conftest
configure:4066: $? = 0
configure:4083: result: yes
configure:4092: checking whether g++ accepts -W
configure:4122: g++ -o conftest   -W   conftest.cpp  >&5
configure:4122: $? = 0
configure:4122: ./conftest
configure:4122: $? = 0
configure:4139: result: yes
configure:4148: checking whether g++ accepts -Wno-unused-parameter
configure:4178: g++ -o conftest   -Wno-unused-parameter   conftest.cpp  >&5
configure:4178: $? = 0
configure:4178: ./conftest
configure:4178: $? = 0
configure:4195: result: yes
configure:4245: checking how to run the C++ preprocessor
configure:4272: g++ -E  conftest.cpp
configure:4272: $? = 0
configure:4286: g++ -E  conftest.cpp
conftest.cpp:9:10: fatal error: ac_nonexistent.h: No such file or directory
    9 | #include <ac_nonexistent.h>
      |          ^~~~~~~~~~~~~~~~~~
compilation terminated.
configure:4286: $? = 1
configure: failed program was:
| /* confdefs.h */
| #define PACKAGE_NAME "Snes9x"
| #define PACKAGE_TARNAME "snes9x"
| #define PACKAGE_VERSION "1.53"
| #define PACKAGE_STRING "Snes9x 1.53"
| #define PACKAGE_BUGREPORT ""
| #define PACKAGE_URL ""
| /* end confdefs.h.  */
| #include <ac_nonexistent.h>
configure:4311: result: g++ -E
configure:4331: g++ -E  conftest.cpp
configure:4331: $? = 0
configure:4345: g++ -E  conftest.cpp
conftest.cpp:9:10: fatal error: ac_nonexistent.h: No such file or directory
    9 | #include <ac_nonexistent.h>
      |          ^~~~~~~~~~~~~~~~~~
compilation terminated.
configure:4345: $? = 1
configure: failed program was:
| /* confdefs.h */
| #define PACKAGE_NAME "Snes9x"
| #define PACKAGE_TARNAME "snes9x"
| #define PACKAGE_VERSION "1.53"
| #define PACKAGE_STRING "Snes9x 1.53"
| #define PACKAGE_BUGREPORT ""
| #define PACKAGE_URL ""
| /* end confdefs.h.  */
| #include <ac_nonexistent.h>
configure:4374: checking for grep that handles long lines and -e
configure:4432: result: /usr/bin/grep
configure:4437: checking for egrep
configure:4499: result: /usr/bin/grep -E
configure:4504: checking for ANSI C header files
configure:4524: g++ -c    conftest.cpp >&5
configure:4524: $? = 0
configure:4597: g++ -o conftest     conftest.cpp  >&5
configure:4597: $? = 0
configure:4597: ./conftest
configure:4597: $? = 0
configure:4608: result: yes
configure:4621: checking for sys/types.h
configure:4621: g++ -c    conftest.cpp >&5
configure:4621: $? = 0
configure:4621: result: yes
configure:4621: checking for sys/stat.h
configure:4621: g++ -c    conftest.cpp >&5
configure:4621: $? = 0
configure:4621: result: yes
configure:4621: checking for stdlib.h
configure:4621: g++ -c    conftest.cpp >&5
configure:4621: $? = 0
configure:4621: result: yes
configure:4621: checking for string.h
configure:4621: g++ -c    conftest.cpp >&5
configure:4621: $? = 0
configure:4621: result: yes
configure:4621: checking for memory.h
configure:4621: g++ -c    conftest.cpp >&5
configure:4621: $? = 0
configure:4621: result: yes
configure:4621: checking for strings.h
configure:4621: g++ -c    conftest.cpp >&5
configure:4621: $? = 0
configure:4621: result: yes
configure:4621: checking for inttypes.h
configure:4621: g++ -c    conftest.cpp >&5
configure:4621: $? = 0
configure:4621: result: yes
configure:4621: checking for stdint.h
configure:4621: g++ -c    conftest.cpp >&5
configure:4621: $? = 0
configure:4621: result: yes
configure:4621: checking for unistd.h
configure:4621: g++ -c    conftest.cpp >&5
configure:4621: $? = 0
configure:4621: result: yes
configure:4637: checking zlib.h usability
configure:4637: g++ -c    conftest.cpp >&5
configure:4637: $? = 0
configure:4637: result: yes
configure:4637: checking zlib.h presence
configure:4637: g++ -E  conftest.cpp
configure:4637: $? = 0
configure:4637: result: yes
configure:4637: checking for zlib.h
configure:4637: result: yes
configure:4639: checking for gzread in -lz
configure:4664: g++ -o conftest     conftest.cpp -lz   >&5
configure:4664: $? = 0
configure:4673: result: yes
configure:4758: checking png.h usability
configure:4758: g++ -c    conftest.cpp >&5
configure:4758: $? = 0
configure:4758: result: yes
configure:4758: checking png.h presence
configure:4758: g++ -E  conftest.cpp
configure:4758: $? = 0
configure:4758: result: yes
configure:4758: checking for png.h
configure:4758: result: yes
configure:4760: checking for png_init_io in -lpng
configure:4785: g++ -o conftest     conftest.cpp -lpng   >&5
configure:4785: $? = 0
configure:4794: result: yes
configure:4832: checking for mkstemp
configure:4832: g++ -o conftest     conftest.cpp  >&5
configure:4832: $? = 0
configure:4832: result: yes
configure:4846: checking SDL/SDL.h usability
configure:4846: g++ -c    conftest.cpp >&5
configure:4846: $? = 0
configure:4846: result: yes
configure:4846: checking SDL/SDL.h presence
configure:4846: g++ -E  conftest.cpp
configure:4846: $? = 0
configure:4846: result: yes
configure:4846: checking for SDL/SDL.h
configure:4846: result: yes
configure:4848: checking for SDL_Init in -lSDL
configure:4873: g++ -o conftest     conftest.cpp -lSDL   >&5
configure:4873: $? = 0
configure:4882: result: yes
configure:4915: checking for strings.h
configure:4915: result: yes
configure:4924: checking sys/ioctl.h usability
configure:4924: g++ -c    conftest.cpp >&5
configure:4924: $? = 0
configure:4924: result: yes
configure:4924: checking sys/ioctl.h presence
configure:4924: g++ -E  conftest.cpp
configure:4924: $? = 0
configure:4924: result: yes
configure:4924: checking for sys/ioctl.h
configure:4924: result: yes
configure:4933: checking for stdint.h
configure:4933: result: yes
configure:4946: checking for unistd.h
configure:4946: result: yes
configure:4946: checking sys/socket.h usability
configure:4946: g++ -c    conftest.cpp >&5
configure:4946: $? = 0
configure:4946: result: yes
configure:4946: checking sys/socket.h presence
configure:4946: g++ -E  conftest.cpp
configure:4946: $? = 0
configure:4946: result: yes
configure:4946: checking for sys/socket.h
configure:4946: result: yes
configure:5003: checking whether right shift int8 is arithmetic
configure:5042: g++ -o conftest   -DHAVE_STDINT_H   conftest.cpp  >&5
configure:5042: $? = 0
configure:5042: ./conftest
configure:5042: $? = 0
configure:5059: result: yes
configure:5064: checking whether right shift int16 is arithmetic
configure:5103: g++ -o conftest   -DHAVE_STDINT_H   conftest.cpp  >&5
configure:5103: $? = 0
configure:5103: ./conftest
configure:5103: $? = 0
configure:5120: result: yes
configure:5125: checking whether right shift int32 is arithmetic
configure:5164: g++ -o conftest   -DHAVE_STDINT_H   conftest.cpp  >&5
configure:5164: $? = 0
configure:5164: ./conftest
configure:5164: $? = 0
configure:5181: result: yes
configure:5186: checking whether right shift int64 is arithmetic
configure:5225: g++ -o conftest   -DHAVE_STDINT_H   conftest.cpp  >&5
configure:5225: $? = 0
configure:5225: ./conftest
configure:5225: $? = 0
configure:5242: result: yes
configure:5442: creating ./config.status

## ---------------------- ##
## Running config.status. ##
## ---------------------- ##

This file was extended by Snes9x config.status 1.53, which was
generated by GNU Autoconf 2.69.  Invocation command line was

  CONFIG_FILES    = 
  CONFIG_HEADERS  = 
  CONFIG_LINKS    = 
  CONFIG_COMMANDS = 
  $ ./config.status 

on xex-MS-7C80

config.status:738: creating Makefile

## ---------------- ##
## Cache variables. ##
## ---------------- ##

ac_cv_build=x86_64-unknown-linux-gnu
ac_cv_c_compiler_gnu=yes
ac_cv_cxx_compiler_gnu=yes
ac_cv_env_CCC_set=
ac_cv_env_CCC_value=
ac_cv_env_CC_set=
ac_cv_env_CC_value=
ac_cv_env_CFLAGS_set=
ac_cv_env_CFLAGS_value=
ac_cv_env_CPPFLAGS_set=
ac_cv_env_CPPFLAGS_value=
ac_cv_env_CXXCPP_set=
ac_cv_env_CXXCPP_value=
ac_cv_env_CXXFLAGS_set=
ac_cv_env_CXXFLAGS_value=
ac_cv_env_CXX_set=
ac_cv_env_CXX_value=
ac_cv_env_LDFLAGS_set=
ac_cv_env_LDFLAGS_value=
ac_cv_env_LIBS_set=
ac_cv_env_LIBS_value=
ac_cv_env_build_alias_set=
ac_cv_env_build_alias_value=
ac_cv_env_host_alias_set=
ac_cv_env_host_alias_value=
ac_cv_env_target_alias_set=
ac_cv_env_target_alias_value=
ac_cv_func_mkstemp=yes
ac_cv_header_SDL_SDL_h=yes
ac_cv_header_inttypes_h=yes
ac_cv_header_memory_h=yes
ac_cv_header_png_h=yes
ac_cv_header_stdc=yes
ac_cv_header_stdint_h=yes
ac_cv_header_stdlib_h=yes
ac_cv_header_string_h=yes
ac_cv_header_strings_h=yes
ac_cv_header_sys_ioctl_h=yes
ac_cv_header_sys_socket_h=yes
ac_cv_header_sys_stat_h=yes
ac_cv_header_sys_types_h=yes
ac_cv_header_unistd_h=yes
ac_cv_header_zlib_h=yes
ac_cv_host=x86_64-unknown-linux-gnu
ac_cv_lib_SDL_SDL_Init=yes
ac_cv_lib_png_png_init_io=yes
ac_cv_lib_z_gzread=yes
ac_cv_objext=o
ac_cv_path_EGREP='/usr/bin/grep -E'
ac_cv_path_GREP=/usr/bin/grep
ac_cv_prog_CXXCPP='g++ -E'
ac_cv_prog_ac_ct_CC=gcc
ac_cv_prog_ac_ct_CXX=g++
ac_cv_prog_cc_c89=
ac_cv_prog_cc_g=yes
ac_cv_prog_cxx_g=yes
snes9x_cv_libpng=yes
snes9x_cv_option_W=yes
snes9x_cv_option_Wall=yes
snes9x_cv_option_Wno_unused_parameter=yes
snes9x_cv_option_no_exceptions=yes
snes9x_cv_option_no_rtti=yes
snes9x_cv_option_o3=yes
snes9x_cv_option_omit_frame_pointer=yes
snes9x_cv_option_pedantic=yes
snes9x_cv_sdl=yes
snes9x_cv_zlib=yes

## ----------------- ##
## Output variables. ##
## ----------------- ##

CC='gcc'
CFLAGS=' '
CPPFLAGS=''
CXX='g++'
CXXCPP='g++ -E'
CXXFLAGS=' '
DEFS='-DPACKAGE_NAME=\"Snes9x\" -DPACKAGE_TARNAME=\"snes9x\" -DPACKAGE_VERSION=\"1.53\" -DPACKAGE_STRING=\"Snes9x\ 1.53\" -DPACKAGE_BUGREPORT=\"\" -DPACKAGE_URL=\"\" -DSTDC_HEADERS=1 -DHAVE_SYS_TYPES_H=1 -DHAVE_SYS_STAT_H=1 -DHAVE_STDLIB_H=1 -DHAVE_STRING_H=1 -DHAVE_MEMORY_H=1 -DHAVE_STRINGS_H=1 -DHAVE_INTTYPES_H=1 -DHAVE_STDINT_H=1 -DHAVE_UNISTD_H=1 -DHAVE_UNISTD_H=1 -DHAVE_SYS_SOCKET_H=1'
ECHO_C=''
ECHO_N='-n'
ECHO_T=''
EGREP='/usr/bin/grep -E'
EXEEXT=''
GREP='/usr/bin/grep'
LDFLAGS=''
LIBOBJS=''
LIBS=''
LTLIBOBJS=''
OBJEXT='o'
PACKAGE_BUGREPORT=''
PACKAGE_NAME='Snes9x'
PACKAGE_STRING='Snes9x 1.53'
PACKAGE_TARNAME='snes9x'
PACKAGE_URL=''
PACKAGE_VERSION='1.53'
PATH_SEPARATOR=':'
S9XDEBUGGER='#S9XDEBUGGER=1'
S9XDEFS='-DZLIB -DUNZIP_SUPPORT -DJMA_SUPPORT -DHAVE_LIBPNG -DHAVE_MKSTEMP -DHAVE_STRINGS_H -DHAVE_SYS_IOCTL_H -DHAVE_STDINT_H -DRIGHTSHIFT_IS_SAR'
S9XFLGS='-O3 -fomit-frame-pointer -fno-exceptions -fno-rtti -pedantic -Wall -W -Wno-unused-parameter -D_GNU_SOURCE=1 -D_REENTRANT -I/usr/include/SDL'
S9XJMA='S9XJMA=1'
S9XLIBS='-lz -lpng -lSDL'
S9XNETPLAY='#S9XNETPLAY=1'
S9XZIP='S9XZIP=1'
SHELL='/bin/bash'
ac_ct_CC='gcc'
ac_ct_CXX='g++'
bindir='${exec_prefix}/bin'
build='x86_64-unknown-linux-gnu'
build_alias=''
build_cpu='x86_64'
build_os='linux-gnu'
build_vendor='unknown'
datadir='${datarootdir}'
datarootdir='${prefix}/share'
docdir='${datarootdir}/doc/${PACKAGE_TARNAME}'
dvidir='${docdir}'
exec_prefix='${prefix}'
host='x86_64-unknown-linux-gnu'
host_alias=''
host_cpu='x86_64'
host_os='linux-gnu'
host_vendor='unknown'
htmldir='${docdir}'
includedir='${prefix}/include'
infodir='${datarootdir}/info'
libdir='${exec_prefix}/lib'
libexecdir='${exec_prefix}/libexec'
localedir='${datarootdir}/locale'
localstatedir='${prefix}/var'
mandir='${datarootdir}/man'
oldincludedir='/usr/include'
pdfdir='${docdir}'
prefix='/usr/local'
program_transform_name='s,x,x,'
psdir='${docdir}'
runstatedir='${localstatedir}/run'
sbindir='${exec_prefix}/sbin'
sharedstatedir='${prefix}/com'
sysconfdir='${prefix}/etc'
target_alias=''

## ----------- ##
## confdefs.h. ##
## ----------- ##

/* confdefs.h */
#define PACKAGE_NAME "Snes9x"
#define PACKAGE_TARNAME "snes9x"
#define PACKAGE_VERSION "1.53"
#define PACKAGE_STRING "Snes9x 1.53"
#define PACKAGE_BUGREPORT ""
#define PACKAGE_URL ""
#define STDC_HEADERS 1
#define HAVE_SYS_TYPES_H 1
#define HAVE_SYS_STAT_H 1
#define HAVE_STDLIB_H 1
#define HAVE_STRING_H 1
#define HAVE_MEMORY_H 1
#define HAVE_STRINGS_H 1
#define HAVE_INTTYPES_H 1
#define HAVE_STDINT_H 1
#define HAVE_UNISTD_H 1
#define HAVE_UNISTD_H 1
#define HAVE_SYS_SOCKET_H 1

configure: exit 0
